<?xml version="1.0" encoding="UTF-8"?>
<beans xmlns="http://www.springframework.org/schema/beans"
	   xmlns:xsi="http://www.w3.org/2001/XMLSchema-instance"
	   xmlns:dubbo="http://code.alibabatech.com/schema/dubbo"
	   xmlns:aop="http://www.springframework.org/schema/aop"
	   xmlns:context="http://www.springframework.org/schema/context"
	   xmlns:p="http://www.springframework.org/schema/p"
	   xmlns:tx="http://www.springframework.org/schema/tx"
	   xmlns:mybatis="http://mybatis.org/schema/mybatis-spring"
	   xsi:schemaLocation="http://www.springframework.org/schema/beans
						http://www.springframework.org/schema/beans/spring-beans.xsd
						http://www.springframework.org/schema/aop
						http://www.springframework.org/schema/aop/spring-aop-3.2.xsd
						http://www.springframework.org/schema/context
						http://www.springframework.org/schema/context/spring-context.xsd
						http://www.springframework.org/schema/tx
						http://www.springframework.org/schema/tx/spring-tx-3.2.xsd
						http://mybatis.org/schema/mybatis-spring http://mybatis.org/schema/mybatis-spring.xsd
						http://code.alibabatech.com/schema/dubbo http://code.alibabatech.com/schema/dubbo/dubbo.xsd">

    <context:property-placeholder location="classpath:test-application.properties" ignore-unresolvable="true"/>

	<!-- dubbo 服务注册配置 -->
	<dubbo:application name="app-commconf"/>
	<!--<dubbo:provider filter="dubboBaseFilter"></dubbo:provider>-->
	<dubbo:reference id="innerUserProviderService" interface="com.wmeup.photoshare.api.inneruser.InnerUserProviderService"
					 url="dubbo://127.0.0.1:20880/com.wmeup.photoshare.api.inneruser.InnerUserProviderService" timeout="60000"/>
	<!-- 白名单服务 -->
	<dubbo:reference id="bankProviderService" interface="com.wmeup.photoshare.api.bank.BankProviderService"
					 url="dubbo://127.0.0.1:20880/com.wmeup.photoshare.api.bank.BankProviderService" timeout="60000"/>
	<dubbo:reference id="bankCommProviderService" interface="com.wmeup.photoshare.api.bankcommcon.BankCommProviderService"
					 url="dubbo://127.0.0.1:20880/com.wmeup.photoshare.api.bankcommcon.BankCommProviderService" timeout="60000"/>
	<!-- 配置是否可用服务 -->
	<dubbo:reference id="configProviderService" interface="com.wmeup.photoshare.api.config.ConfigProviderService"
					 url="dubbo://127.0.0.1:20880/com.wmeup.photoshare.api.config.ConfigProviderService" timeout="60000"/>
	<dubbo:reference id = "whiteUserRegProviderService" interface="com.wmeup.photoshare.api.userregister.WhiteUserRegProviderService"
					 url="dubbo://127.0.0.1:20880/com.wmeup.photoshare.api.userregister.WhiteUserRegProviderService" timeout="60000"/>
	<dubbo:reference id = "generalConfigProviderService" interface="com.wmeup.photoshare.api.generalconf.GeneralConfigProviderService"
					 url="dubbo://127.0.0.1:20880/com.wmeup.photoshare.api.generalconf.GeneralConfigProviderService" timeout="60000"/>

</beans>
